# JRE version: OpenJDK Runtime Environment (8.0_152-b01) (build 1.8.0_152-release-1343-b01)
# Java VM: OpenJDK 64-Bit Server VM (25.152-b01 mixed mode windows-amd64 compressed oops)
Heap:
 PSYoungGen      total 389120K, used 331519K [0x00000000e0000000, 0x00000000f9d00000, 0x0000000100000000)
  eden space 354816K, 93% used [0x00000000e0000000,0x00000000f43bfe88,0x00000000f5a80000)
  from space 34304K, 0% used [0x00000000f7b00000,0x00000000f7b00000,0x00000000f9c80000)
  to   space 33280K, 0% used [0x00000000f5a80000,0x00000000f5a80000,0x00000000f7b00000)
 ParOldGen       total 215040K, used 51212K [0x00000000a0000000, 0x00000000ad200000, 0x00000000e0000000)
  object space 215040K, 23% used [0x00000000a0000000,0x00000000a3203110,0x00000000ad200000)
 Metaspace       used 93483K, capacity 97302K, committed 99264K, reserved 1136640K
  class space    used 11843K, capacity 12594K, committed 13032K, reserved 1048576K
GC Heap History (10 events):
Event: 89.923 GC heap before
{Heap before GC invocations=14 (full 3):
 PSYoungGen      total 293376K, used 293372K [0x00000000e0000000, 0x00000000f3f80000, 0x0000000100000000)
  eden space 273408K, 100% used [0x00000000e0000000,0x00000000f0b00000,0x00000000f0b00000)
  from space 19968K, 99% used [0x00000000f2500000,0x00000000f387f178,0x00000000f3880000)
  to   space 26624K, 0% used [0x00000000f0b00000,0x00000000f0b00000,0x00000000f2500000)
 ParOldGen       total 215040K, used 45398K [0x00000000a0000000, 0x00000000ad200000, 0x00000000e0000000)
  object space 215040K, 21% used [0x00000000a0000000,0x00000000a2c55990,0x00000000ad200000)
 Metaspace       used 80730K, capacity 83850K, committed 84056K, reserved 1122304K
  class space    used 10388K, capacity 11038K, committed 11136K, reserved 1048576K
Event: 89.949 GC heap after
Heap after GC invocations=14 (full 3):
 PSYoungGen      total 300032K, used 26620K [0x00000000e0000000, 0x00000000f7600000, 0x0000000100000000)
  eden space 273408K, 0% used [0x00000000e0000000,0x00000000e0000000,0x00000000f0b00000)
  from space 26624K, 99% used [0x00000000f0b00000,0x00000000f24ff338,0x00000000f2500000)
  to   space 33280K, 0% used [0x00000000f5580000,0x00000000f5580000,0x00000000f7600000)
 ParOldGen       total 215040K, used 54222K [0x00000000a0000000, 0x00000000ad200000, 0x00000000e0000000)
  object space 215040K, 25% used [0x00000000a0000000,0x00000000a34f38d8,0x00000000ad200000)
 Metaspace       used 80730K, capacity 83850K, committed 84056K, reserved 1122304K
  class space    used 10388K, capacity 11038K, committed 11136K, reserved 1048576K
}
Event: 102.177 GC heap before
{Heap before GC invocations=15 (full 3):
 PSYoungGen      total 300032K, used 300028K [0x00000000e0000000, 0x00000000f7600000, 0x0000000100000000)
  eden space 273408K, 100% used [0x00000000e0000000,0x00000000f0b00000,0x00000000f0b00000)
  from space 26624K, 99% used [0x00000000f0b00000,0x00000000f24ff338,0x00000000f2500000)
  to   space 33280K, 0% used [0x00000000f5580000,0x00000000f5580000,0x00000000f7600000)
 ParOldGen       total 215040K, used 54222K [0x00000000a0000000, 0x00000000ad200000, 0x00000000e0000000)
  object space 215040K, 25% used [0x00000000a0000000,0x00000000a34f38d8,0x00000000ad200000)
 Metaspace       used 83237K, capacity 86676K, committed 86872K, reserved 1124352K
  class space    used 10702K, capacity 11389K, committed 11392K, reserved 1048576K
Event: 102.196 GC heap after
Heap after GC invocations=15 (full 3):
 PSYoungGen      total 333312K, used 15455K [0x00000000e0000000, 0x00000000f6c80000, 0x0000000100000000)
  eden space 309760K, 0% used [0x00000000e0000000,0x00000000e0000000,0x00000000f2e80000)
  from space 23552K, 65% used [0x00000000f5580000,0x00000000f6497e78,0x00000000f6c80000)
  to   space 31744K, 0% used [0x00000000f2e80000,0x00000000f2e80000,0x00000000f4d80000)
 ParOldGen       total 215040K, used 72703K [0x00000000a0000000, 0x00000000ad200000, 0x00000000e0000000)
  object space 215040K, 33% used [0x00000000a0000000,0x00000000a46ffc30,0x00000000ad200000)
 Metaspace       used 83237K, capacity 86676K, committed 86872K, reserved 1124352K
  class space    used 10702K, capacity 11389K, committed 11392K, reserved 1048576K
}
Event: 104.635 GC heap before
{Heap before GC invocations=16 (full 3):
 PSYoungGen      total 333312K, used 325215K [0x00000000e0000000, 0x00000000f6c80000, 0x0000000100000000)
  eden space 309760K, 100% used [0x00000000e0000000,0x00000000f2e80000,0x00000000f2e80000)
  from space 23552K, 65% used [0x00000000f5580000,0x00000000f6497e78,0x00000000f6c80000)
  to   space 31744K, 0% used [0x00000000f2e80000,0x00000000f2e80000,0x00000000f4d80000)
 ParOldGen       total 215040K, used 72703K [0x00000000a0000000, 0x00000000ad200000, 0x00000000e0000000)
  object space 215040K, 33% used [0x00000000a0000000,0x00000000a46ffc30,0x00000000ad200000)
 Metaspace       used 93097K, capacity 98142K, committed 98392K, reserved 1134592K
  class space    used 11983K, capacity 12898K, committed 12928K, reserved 1048576K
Event: 104.657 GC heap after
Heap after GC invocations=16 (full 3):
 PSYoungGen      total 341504K, used 26576K [0x00000000e0000000, 0x00000000f9c80000, 0x0000000100000000)
  eden space 309760K, 0% used [0x00000000e0000000,0x00000000e0000000,0x00000000f2e80000)
  from space 31744K, 83% used [0x00000000f2e80000,0x00000000f48742b0,0x00000000f4d80000)
  to   space 34304K, 0% used [0x00000000f7b00000,0x00000000f7b00000,0x00000000f9c80000)
 ParOldGen       total 215040K, used 72711K [0x00000000a0000000, 0x00000000ad200000, 0x00000000e0000000)
  object space 215040K, 33% used [0x00000000a0000000,0x00000000a4701c30,0x00000000ad200000)
 Metaspace       used 93097K, capacity 98142K, committed 98392K, reserved 1134592K
  class space    used 11983K, capacity 12898K, committed 12928K, reserved 1048576K
}
Event: 105.682 GC heap before
{Heap before GC invocations=17 (full 3):
 PSYoungGen      total 341504K, used 102041K [0x00000000e0000000, 0x00000000f9c80000, 0x0000000100000000)
  eden space 309760K, 24% used [0x00000000e0000000,0x00000000e49b24b8,0x00000000f2e80000)
  from space 31744K, 83% used [0x00000000f2e80000,0x00000000f48742b0,0x00000000f4d80000)
  to   space 34304K, 0% used [0x00000000f7b00000,0x00000000f7b00000,0x00000000f9c80000)
 ParOldGen       total 215040K, used 72711K [0x00000000a0000000, 0x00000000ad200000, 0x00000000e0000000)
  object space 215040K, 33% used [0x00000000a0000000,0x00000000a4701c30,0x00000000ad200000)
 Metaspace       used 93270K, capacity 98380K, committed 98496K, reserved 1134592K
  class space    used 11990K, capacity 12933K, committed 13032K, reserved 1048576K
Event: 105.692 GC heap after
Heap after GC invocations=17 (full 3):
 PSYoungGen      total 389120K, used 13319K [0x00000000e0000000, 0x00000000f9d00000, 0x0000000100000000)
  eden space 354816K, 0% used [0x00000000e0000000,0x00000000e0000000,0x00000000f5a80000)
  from space 34304K, 38% used [0x00000000f7b00000,0x00000000f8801d10,0x00000000f9c80000)
  to   space 33280K, 0% used [0x00000000f5a80000,0x00000000f5a80000,0x00000000f7b00000)
 ParOldGen       total 215040K, used 72719K [0x00000000a0000000, 0x00000000ad200000, 0x00000000e0000000)
  object space 215040K, 33% used [0x00000000a0000000,0x00000000a4703c30,0x00000000ad200000)
 Metaspace       used 93270K, capacity 98380K, committed 98496K, reserved 1134592K
  class space    used 11990K, capacity 12933K, committed 13032K, reserved 1048576K
}
Event: 105.692 GC heap before
{Heap before GC invocations=18 (full 4):
 PSYoungGen      total 389120K, used 13319K [0x00000000e0000000, 0x00000000f9d00000, 0x0000000100000000)
  eden space 354816K, 0% used [0x00000000e0000000,0x00000000e0000000,0x00000000f5a80000)
  from space 34304K, 38% used [0x00000000f7b00000,0x00000000f8801d10,0x00000000f9c80000)
  to   space 33280K, 0% used [0x00000000f5a80000,0x00000000f5a80000,0x00000000f7b00000)
 ParOldGen       total 215040K, used 72719K [0x00000000a0000000, 0x00000000ad200000, 0x00000000e0000000)
  object space 215040K, 33% used [0x00000000a0000000,0x00000000a4703c30,0x00000000ad200000)
 Metaspace       used 93270K, capacity 98380K, committed 98496K, reserved 1134592K
  class space    used 11990K, capacity 12933K, committed 13032K, reserved 1048576K
Event: 105.840 GC heap after
Heap after GC invocations=18 (full 4):
 PSYoungGen      total 389120K, used 0K [0x00000000e0000000, 0x00000000f9d00000, 0x0000000100000000)
  eden space 354816K, 0% used [0x00000000e0000000,0x00000000e0000000,0x00000000f5a80000)
  from space 34304K, 0% used [0x00000000f7b00000,0x00000000f7b00000,0x00000000f9c80000)
  to   space 33280K, 0% used [0x00000000f5a80000,0x00000000f5a80000,0x00000000f7b00000)
 ParOldGen       total 215040K, used 51212K [0x00000000a0000000, 0x00000000ad200000, 0x00000000e0000000)
  object space 215040K, 23% used [0x00000000a0000000,0x00000000a3203110,0x00000000ad200000)
 Metaspace       used 92480K, capacity 96250K, committed 98496K, reserved 1134592K
  class space    used 11722K, capacity 12468K, committed 13032K, reserved 1048576K
}

